mktextfm Verdana
mktextfm Verdana
mktextfm Verdana
mktextfm Verdana
mktextfm Verdana/B
mktextfm Verdana
mktextfm Verdana/I
mktextfm Verdana
mktextfm Verdana/BI
mktextfm Verdana
mktextfm Verdana
mktextfm Verdana
mktextfm Verdana
mktextfm Verdana
mktextfm Verdana
mktextfm Verdana
mktextfm Verdana
mktextfm Verdana
mktextfm Verdana
mktextfm Verdana
mktextfm Verdana
mktextfm Verdana
mktextfm Verdana
mktextfm Verdana
mktextfm Verdana
mktextfm Verdana
mktextfm Verdana/B
mktextfm Verdana
mktextfm Verdana/I
mktextfm Verdana
mktextfm Verdana/BI
mktextfm nullfont
mktextfm Verdana
mktextfm Verdana
mktextfm Verdana
mktextfm Verdana
mktextfm Verdana/B
mktextfm Verdana
mktextfm Verdana/I
mktextfm Verdana
mktextfm Verdana/BI
mktextfm nullfont
mktextfm nullfont
mktextfm nullfont
mktextfm nullfont
mktextfm nullfont
mktextfm nullfont
